Copyright 1986-2020 Xilinx, Inc. All Rights Reserved.
--------------------------------------------------------------------------------------
| Tool Version : Vivado v.2020.2 (win64) Build 3064766 Wed Nov 18 09:12:45 MST 2020
| Date         : Sun May 22 21:36:37 2022
| Host         : SpaceVan14 running 64-bit major release  (build 9200)
| Command      : report_control_sets -verbose -file topmodule_control_sets_placed.rpt
| Design       : topmodule
| Device       : xc7a100t
--------------------------------------------------------------------------------------

Control Set Information

Table of Contents
-----------------
1. Summary
2. Histogram
3. Flip-Flop Distribution
4. Detailed Control Set Information

1. Summary
----------

+----------------------------------------------------------+-------+
|                          Status                          | Count |
+----------------------------------------------------------+-------+
| Total control sets                                       |     5 |
|    Minimum number of control sets                        |     5 |
|    Addition due to synthesis replication                 |     0 |
|    Addition due to physical synthesis replication        |     0 |
| Unused register locations in slices containing registers |    27 |
+----------------------------------------------------------+-------+
* Control sets can be merged at opt_design using control_set_merge or merge_equivalent_drivers
** Run report_qor_suggestions for automated merging and remapping suggestions


2. Histogram
------------

+--------------------+-------+
|       Fanout       | Count |
+--------------------+-------+
| Total control sets |     5 |
| >= 0 to < 4        |     4 |
| >= 4 to < 6        |     0 |
| >= 6 to < 8        |     1 |
| >= 8 to < 10       |     0 |
| >= 10 to < 12      |     0 |
| >= 12 to < 14      |     0 |
| >= 14 to < 16      |     0 |
| >= 16              |     0 |
+--------------------+-------+
* Control sets can be remapped at either synth_design or opt_design


3. Flip-Flop Distribution
-------------------------

+--------------+-----------------------+------------------------+-----------------+--------------+
| Clock Enable | Synchronous Set/Reset | Asynchronous Set/Reset | Total Registers | Total Slices |
+--------------+-----------------------+------------------------+-----------------+--------------+
| No           | No                    | No                     |               6 |            6 |
| No           | No                    | Yes                    |               0 |            0 |
| No           | Yes                   | No                     |               7 |            3 |
| Yes          | No                    | No                     |               0 |            0 |
| Yes          | No                    | Yes                    |               0 |            0 |
| Yes          | Yes                   | No                     |               0 |            0 |
+--------------+-----------------------+------------------------+-----------------+--------------+


4. Detailed Control Set Information
-----------------------------------

+--------------------------------+---------------+------------------+------------------+----------------+--------------+
|          Clock Signal          | Enable Signal | Set/Reset Signal | Slice Load Count | Bel Load Count | Bels / Slice |
+--------------------------------+---------------+------------------+------------------+----------------+--------------+
|  dt3/clk2                      |               |                  |                1 |              1 |         1.00 |
|  dt1/FSM_onehot_state_reg[1]_0 |               |                  |                1 |              1 |         1.00 |
|  dt3/clk3                      |               |                  |                1 |              1 |         1.00 |
|  clk_IBUF_BUFG                 |               |                  |                3 |              3 |         1.00 |
|  clk_IBUF_BUFG                 |               | rst_IBUF         |                3 |              7 |         2.33 |
+--------------------------------+---------------+------------------+------------------+----------------+--------------+


